<?xml version="1.0" encoding="UTF-8"?>
<testng-results ignored="0" total="0" passed="0" failed="0" skipped="0">
  <reporter-output>
  </reporter-output>
  <suite started-at="2025-02-04T09:36:11 IST" name="Suite" finished-at="2025-02-04T09:36:11 IST" duration-ms="37">
    <groups>
    </groups>
    <test started-at="2025-02-04T09:36:11 IST" name="Test2" finished-at="2025-02-04T09:36:11 IST" duration-ms="37">
    </test> <!-- Test2 -->
    <test started-at="2025-02-04T09:36:11 IST" name="Test1" finished-at="2025-02-04T09:36:11 IST" duration-ms="37">
    </test> <!-- Test1 -->
  </suite> <!-- Suite -->
</testng-results>
