<?xml version="1.0" encoding="UTF-8"?>
<testng-results ignored="0" total="3" passed="3" failed="0" skipped="0">
  <reporter-output>
  </reporter-output>
  <suite started-at="2025-01-28T17:32:04 IST" name="Default suite" finished-at="2025-01-28T17:32:53 IST" duration-ms="48130">
    <groups>
      <group name="cucumber">
        <method signature="AbstractTestNGCucumberTests.runScenario(io.cucumber.testng.PickleWrapper,io.cucumber.testng.FeatureWrapper)[pri:0, instance:testRunners.Runner@16eb3ea3]" name="runScenario" class="io.cucumber.testng.AbstractTestNGCucumberTests"/>
      </group> <!-- cucumber -->
    </groups>
    <test started-at="2025-01-28T17:32:04 IST" name="Default test" finished-at="2025-01-28T17:32:53 IST" duration-ms="48130">
      <class name="testRunners.Runner">
        <test-method is-config="true" signature="setUpClass(org.testng.ITestContext)[pri:0, instance:testRunners.Runner@16eb3ea3]" started-at="2025-01-28T17:32:05 IST" name="setUpClass" finished-at="2025-01-28T17:32:05 IST" duration-ms="901" status="PASS">
          <params>
            <param index="0">
              <value>
                <![CDATA[org.testng.TestRunner@6e24ce51]]>
              </value>
            </param>
          </params>
          <reporter-output>
          </reporter-output>
        </test-method> <!-- setUpClass -->
        <test-method signature="runScenario(io.cucumber.testng.PickleWrapper,io.cucumber.testng.FeatureWrapper)[pri:0, instance:testRunners.Runner@16eb3ea3]" started-at="2025-01-28T17:32:05 IST" name="runScenario" description="Runs Cucumber Scenarios" data-provider="scenarios" finished-at="2025-01-28T17:32:23 IST" duration-ms="17529" status="PASS">
          <params>
            <param index="0">
              <value>
                <![CDATA["Validating Email field in the form"]]>
              </value>
            </param>
            <param index="1">
              <value>
                <![CDATA["Form Validation"]]>
              </value>
            </param>
          </params>
          <reporter-output>
          </reporter-output>
        </test-method> <!-- runScenario -->
        <test-method signature="runScenario(io.cucumber.testng.PickleWrapper,io.cucumber.testng.FeatureWrapper)[pri:0, instance:testRunners.Runner@16eb3ea3]" started-at="2025-01-28T17:32:23 IST" name="runScenario" description="Runs Cucumber Scenarios" data-provider="scenarios" finished-at="2025-01-28T17:32:36 IST" duration-ms="13059" status="PASS">
          <params>
            <param index="0">
              <value>
                <![CDATA["Look for Language Learning"]]>
              </value>
            </param>
            <param index="1">
              <value>
                <![CDATA["Language Learning"]]>
              </value>
            </param>
          </params>
          <reporter-output>
          </reporter-output>
        </test-method> <!-- runScenario -->
        <test-method signature="runScenario(io.cucumber.testng.PickleWrapper,io.cucumber.testng.FeatureWrapper)[pri:0, instance:testRunners.Runner@16eb3ea3]" started-at="2025-01-28T17:32:36 IST" name="runScenario" description="Runs Cucumber Scenarios" data-provider="scenarios" finished-at="2025-01-28T17:32:52 IST" duration-ms="16284" status="PASS">
          <params>
            <param index="0">
              <value>
                <![CDATA["Fetch First two beginner-level web development courses in English language"]]>
              </value>
            </param>
            <param index="1">
              <value>
                <![CDATA["Identify Web Development Course"]]>
              </value>
            </param>
          </params>
          <reporter-output>
          </reporter-output>
        </test-method> <!-- runScenario -->
        <test-method is-config="true" signature="tearDownClass()[pri:0, instance:testRunners.Runner@16eb3ea3]" started-at="2025-01-28T17:32:52 IST" name="tearDownClass" finished-at="2025-01-28T17:32:53 IST" duration-ms="282" status="PASS">
          <reporter-output>
          </reporter-output>
        </test-method> <!-- tearDownClass -->
      </class> <!-- testRunners.Runner -->
    </test> <!-- Default test -->
  </suite> <!-- Default suite -->
</testng-results>
